-------------------------------------------------------------------------------
Test set: ElonsToyCarTest
-------------------------------------------------------------------------------
Tests run: 10, Failures: 0, Errors: 10, Skipped: 0, Time elapsed: 0.802 s <<< FAILURE! - in ElonsToyCarTest
buy_new_car_returns_instance(ElonsToyCarTest)  Time elapsed: 0.086 s  <<< ERROR!
java.lang.UnsupportedOperationException: Please implement the (static) RemoteControlCar.buy()  method
	at ElonsToyCarTest.buy_new_car_returns_instance(ElonsToyCarTest.java:8)

new_car_distance_display(ElonsToyCarTest)  Time elapsed: 0.004 s  <<< ERROR!
java.lang.UnsupportedOperationException: Please implement the (static) RemoteControlCar.distanceDisplay()  method
	at ElonsToyCarTest.new_car_distance_display(ElonsToyCarTest.java:22)

distance_display_after_driving_once(ElonsToyCarTest)  Time elapsed: 0.001 s  <<< ERROR!
java.lang.UnsupportedOperationException: Please implement the (static) RemoteControlCar.drive()  method
	at ElonsToyCarTest.distance_display_after_driving_once(ElonsToyCarTest.java:34)

battery_display_after_driving_once(ElonsToyCarTest)  Time elapsed: 0.003 s  <<< ERROR!
java.lang.UnsupportedOperationException: Please implement the (static) RemoteControlCar.drive()  method
	at ElonsToyCarTest.battery_display_after_driving_once(ElonsToyCarTest.java:52)

distance_display_when_battery_empty(ElonsToyCarTest)  Time elapsed: 0.001 s  <<< ERROR!
java.lang.UnsupportedOperationException: Please implement the (static) RemoteControlCar.drive()  method
	at ElonsToyCarTest.distance_display_when_battery_empty(ElonsToyCarTest.java:89)

battery_display_when_battery_empty(ElonsToyCarTest)  Time elapsed: 0 s  <<< ERROR!
java.lang.UnsupportedOperationException: Please implement the (static) RemoteControlCar.drive()  method
	at ElonsToyCarTest.battery_display_when_battery_empty(ElonsToyCarTest.java:74)

battery_display_after_driving_multiple_times(ElonsToyCarTest)  Time elapsed: 0.001 s  <<< ERROR!
java.lang.UnsupportedOperationException: Please implement the (static) RemoteControlCar.drive()  method
	at ElonsToyCarTest.battery_display_after_driving_multiple_times(ElonsToyCarTest.java:62)

buy_new_car_returns_new_car_each_time(ElonsToyCarTest)  Time elapsed: 0 s  <<< ERROR!
java.lang.UnsupportedOperationException: Please implement the (static) RemoteControlCar.buy()  method
	at ElonsToyCarTest.buy_new_car_returns_new_car_each_time(ElonsToyCarTest.java:14)

distance_display_after_driving_multiple_times(ElonsToyCarTest)  Time elapsed: 0.002 s  <<< ERROR!
java.lang.UnsupportedOperationException: Please implement the (static) RemoteControlCar.drive()  method
	at ElonsToyCarTest.distance_display_after_driving_multiple_times(ElonsToyCarTest.java:43)

new_car_battery_display(ElonsToyCarTest)  Time elapsed: 0.001 s  <<< ERROR!
java.lang.UnsupportedOperationException: Please implement the (static) RemoteControlCar.batteryDisplay()  method
	at ElonsToyCarTest.new_car_battery_display(ElonsToyCarTest.java:28)

