<?xml version="1.0" encoding="UTF-8"?>
<testsuite xmlns:xsi="http://www.w3.org/2001/XMLSchema-instance" xsi:noNamespaceSchemaLocation="https://maven.apache.org/surefire/maven-surefire-plugin/xsd/surefire-test-report.xsd" name="PigLatinTranslatorTest" time="0.716" tests="22" errors="0" skipped="0" failures="0">
  <properties>
[...]
</properties>
  <testcase name="testYAsSecondLetterInTwoLetterWord" classname="PigLatinTranslatorTest" time="0.003"/>
  <testcase name="testAWholePhrase" classname="PigLatinTranslatorTest" time="0.001"/>
  <testcase name="testWordBeginningWithQWithoutAFollowingU" classname="PigLatinTranslatorTest" time="0.001"/>
  <testcase name="testWordBeginningWithA" classname="PigLatinTranslatorTest" time="0.002"/>
  <testcase name="testWordBeginningWithE" classname="PigLatinTranslatorTest" time="0.001"/>
  <testcase name="testWordBeginningWithI" classname="PigLatinTranslatorTest" time="0.001"/>
  <testcase name="testWordBeginningWithK" classname="PigLatinTranslatorTest" time="0.002"/>
  <testcase name="testWordBeginningWithO" classname="PigLatinTranslatorTest" time="0"/>
  <testcase name="testWordBeginningWithP" classname="PigLatinTranslatorTest" time="0.002"/>
  <testcase name="testWordBeginningWithU" classname="PigLatinTranslatorTest" time="0"/>
  <testcase name="testWordBeginningWithX" classname="PigLatinTranslatorTest" time="0"/>
  <testcase name="testYTreatedLikeAConsonantAtTheBeginningOfAWord" classname="PigLatinTranslatorTest" time="0"/>
  <testcase name="testQuAndAPrecedingConsonantTreatedLikeAConsonantAtTheBeginningOfAWord" classname="PigLatinTranslatorTest" time="0.005"/>
  <testcase name="testWordBeginningWithVowelAndFollowedByQu" classname="PigLatinTranslatorTest" time="0"/>
  <testcase name="testThTreatedLikeAConsonantAtTheBeginningOfAWord" classname="PigLatinTranslatorTest" time="0"/>
  <testcase name="testSchTreatedLikeAConsonantAtTheBeginningOfAWord" classname="PigLatinTranslatorTest" time="0"/>
  <testcase name="testChTreatedLikeAConsonantAtTheBeginningOfAWord" classname="PigLatinTranslatorTest" time="0.001"/>
  <testcase name="testYTreatedLikeAVowelAtTheEndOfAConsonantCluster" classname="PigLatinTranslatorTest" time="0"/>
  <testcase name="testYtTreatedLikeAVowelAtTheBeginningOfAWord" classname="PigLatinTranslatorTest" time="0"/>
  <testcase name="testQuTreatedLikeAConsonantAtTheBeginningOfAWord" classname="PigLatinTranslatorTest" time="0.001"/>
  <testcase name="testThrTreatedLikeAConsonantAtTheBeginningOfAWord" classname="PigLatinTranslatorTest" time="0"/>
  <testcase name="testXrTreatedLikeAVowelAtTheBeginningOfAWord" classname="PigLatinTranslatorTest" time="0.001"/>
</testsuite>