<?xml version="1.0" encoding="UTF-8"?>
<testsuite xmlns:xsi="http://www.w3.org/2001/XMLSchema-instance" xsi:noNamespaceSchemaLocation="https://maven.apache.org/surefire/maven-surefire-plugin/xsd/surefire-test-report.xsd" name="ElonsToyCarTest" time="1.543" tests="10" errors="0" skipped="0" failures="0">
  <properties>
[...]
</properties>
  <testcase name="buy_new_car_returns_instance" classname="ElonsToyCarTest" time="1.019"/>
  <testcase name="new_car_distance_display" classname="ElonsToyCarTest" time="0.1"/>
  <testcase name="distance_display_after_driving_once" classname="ElonsToyCarTest" time="0.001"/>
  <testcase name="battery_display_after_driving_once" classname="ElonsToyCarTest" time="0.013"/>
  <testcase name="distance_display_when_battery_empty" classname="ElonsToyCarTest" time="0"/>
  <testcase name="battery_display_when_battery_empty" classname="ElonsToyCarTest" time="0.002"/>
  <testcase name="battery_display_after_driving_multiple_times" classname="ElonsToyCarTest" time="0"/>
  <testcase name="buy_new_car_returns_new_car_each_time" classname="ElonsToyCarTest" time="0.003"/>
  <testcase name="distance_display_after_driving_multiple_times" classname="ElonsToyCarTest" time="0.002"/>
  <testcase name="new_car_battery_display" classname="ElonsToyCarTest" time="0"/>
</testsuite>